<?xml version="1.0" encoding="UTF-8"?>
<testng-results skipped="0" failed="0" total="0" passed="0">
  <reporter-output>
  </reporter-output>
  <suite name="com.db.AppTest" duration-ms="16" started-at="2017-03-04T15:11:29Z" finished-at="2017-03-04T15:11:29Z">
    <groups>
    </groups>
    <test name="Command line test" duration-ms="16" started-at="2017-03-04T15:11:29Z" finished-at="2017-03-04T15:11:29Z">
    </test> <!-- Command line test -->
  </suite> <!-- com.db.AppTest -->
</testng-results>
